<?xml version="1.0" encoding="UTF-8"?>
<!-- Generated by org.testng.reporters.JUnitXMLReporter -->
<testsuite ignored="0" hostname="DESKTOP-PR979V6" failures="1" tests="2" name="FacebookTest" time="0.055" errors="0" timestamp="2022-02-27T16:45:59 IST">
  <testcase classname="testNG.TestNGannotations" name="@AfterMethod tearDown" time="0.001">
    <failure type="java.lang.NullPointerException" message="Cannot invoke &amp;quot;org.openqa.selenium.WebDriver.quit()&amp;quot; because &amp;quot;this.driver&amp;quot; is null">
      <![CDATA[java.lang.NullPointerException: Cannot invoke "org.openqa.selenium.WebDriver.quit()" because "this.driver" is null
at testNG.TestNGannotations.tearDown(TestNGannotations.java:76)
at java.base/java.util.ArrayList.forEach(ArrayList.java:1511)
... Removed 32 stack frames]]>
    </failure>
  </testcase> <!-- @AfterMethod tearDown -->
  <testcase classname="testNG.TestNGannotations" name="@BeforeMethod Browserlaunch" time="-1.645960559395E9">
    <skipped/>
  </testcase> <!-- @BeforeMethod Browserlaunch -->
  <testcase classname="testNG.TestNGannotations" name="@AfterMethod tearDown" time="-1.645960559418E9">
    <skipped/>
  </testcase> <!-- @AfterMethod tearDown -->
  <testcase classname="testNG.TestNGannotations" name="launchapp" time="0.003">
    <failure type="java.lang.NullPointerException" message="Cannot invoke &amp;quot;org.openqa.selenium.WebDriver.get(String)&amp;quot; because &amp;quot;this.driver&amp;quot; is null">
      <![CDATA[java.lang.NullPointerException: Cannot invoke "org.openqa.selenium.WebDriver.get(String)" because "this.driver" is null
at testNG.TestNGannotations.launchapp(TestNGannotations.java:53)
at java.base/java.util.ArrayList.forEach(ArrayList.java:1511)
... Removed 27 stack frames]]>
    </failure>
  </testcase> <!-- launchapp -->
  <testcase classname="testNG.TestNGannotations" name="test1" time="0.0">
    <skipped/>
  </testcase> <!-- test1 -->
</testsuite> <!-- FacebookTest -->
