<?xml version="1.0" encoding="UTF-8"?>
<!-- Generated by org.testng.reporters.JUnitXMLReporter -->
<testsuite ignored="0" hostname="DESKTOP-PR979V6" failures="4" tests="11" name="Test" time="123.328" errors="0" timestamp="2022-02-27T15:39:57 IST">
  <testcase classname="testNG.TestNGfeatures" name="test" time="0.035"/>
  <testcase classname="testNG.TestNGfeatures" name="test1" time="0.111"/>
  <testcase classname="testNG.TestNGbasics" name="test" time="0.001"/>
  <testcase classname="testNG.TestNGbasics" name="test1" time="0.003"/>
  <testcase classname="testNG.TestNGbasics" name="test2" time="0.002"/>
  <testcase classname="testNG.TestNGannotations" name="test1" time="12.888"/>
  <testcase classname="testNG.VerifyErrorMessage" name="testmsg" time="17.72"/>
  <testcase classname="testNG.Annotations" name="Browserlaunch" time="0.0">
    <failure type="org.testng.TestNGException" message="
Parameter &amp;apos;browsername&amp;apos; is required by @Test on method Browserlaunch but has not been marked @Optional or defined
in C:\Users\sandavenisrinivas\eclipse-workspace\seleniumwebdrivermanager\testng.xml">
      <![CDATA[org.testng.TestNGException: 
Parameter 'browsername' is required by @Test on method Browserlaunch but has not been marked @Optional or defined
in C:\Users\sandavenisrinivas\eclipse-workspace\seleniumwebdrivermanager\testng.xml
at java.base/java.util.ArrayList.forEach(ArrayList.java:1511)
... Removed 26 stack frames]]>
    </failure>
  </testcase> <!-- Browserlaunch -->
  <testcase classname="testNG.Annotations" name="launchapp" time="0.0">
    <failure type="org.testng.TestNGException" message="
Parameter &amp;apos;url&amp;apos; is required by @Test on method launchapp but has not been marked @Optional or defined
in C:\Users\sandavenisrinivas\eclipse-workspace\seleniumwebdrivermanager\testng.xml">
      <![CDATA[org.testng.TestNGException: 
Parameter 'url' is required by @Test on method launchapp but has not been marked @Optional or defined
in C:\Users\sandavenisrinivas\eclipse-workspace\seleniumwebdrivermanager\testng.xml
at java.base/java.util.ArrayList.forEach(ArrayList.java:1511)
... Removed 26 stack frames]]>
    </failure>
  </testcase> <!-- launchapp -->
  <testcase classname="testNG.Annotations" name="signup" time="0.002">
    <failure type="java.lang.NullPointerException" message="Cannot invoke &amp;quot;org.openqa.selenium.WebDriver.findElement(org.openqa.selenium.By)&amp;quot; because &amp;quot;this.driver&amp;quot; is null">
      <![CDATA[java.lang.NullPointerException: Cannot invoke "org.openqa.selenium.WebDriver.findElement(org.openqa.selenium.By)" because "this.driver" is null
at testNG.Annotations.signup(Annotations.java:55)
at java.base/java.util.ArrayList.forEach(ArrayList.java:1511)
... Removed 27 stack frames]]>
    </failure>
  </testcase> <!-- signup -->
  <testcase classname="testNG.Annotations" name="TearDown" time="0.003">
    <failure type="java.lang.NullPointerException" message="Cannot invoke &amp;quot;org.openqa.selenium.WebDriver.quit()&amp;quot; because &amp;quot;this.driver&amp;quot; is null">
      <![CDATA[java.lang.NullPointerException: Cannot invoke "org.openqa.selenium.WebDriver.quit()" because "this.driver" is null
at testNG.Annotations.TearDown(Annotations.java:62)
at java.base/java.util.ArrayList.forEach(ArrayList.java:1511)
... Removed 27 stack frames]]>
    </failure>
  </testcase> <!-- TearDown -->
</testsuite> <!-- Test -->
