<?xml version="1.0" encoding="UTF-8"?>
<!-- Generated by org.testng.reporters.JUnitReportReporter -->
<testsuite hostname="DESKTOP-PR979V6" failures="0" tests="9" name="testNG.ParabankRegistration" time="-1646673024.000" errors="2" timestamp="2022-03-07T22:39:21 IST" skipped="7">
  <testcase classname="testNG.ParabankRegistration" name="Browserlaunch" time="-1646673024.000">
    <error message="
Parameter &#039;browsername&#039; is required by BeforeTest on method Browserlaunch but has not been marked @Optional or defined
in C:\Users\sandavenisrinivas\AppData\Local\Temp\testng-eclipse--933495767\testng-customsuite.xml" type="org.testng.TestNGException">
      <![CDATA[org.testng.TestNGException: 
Parameter 'browsername' is required by BeforeTest on method Browserlaunch but has not been marked @Optional or defined
in C:\Users\sandavenisrinivas\AppData\Local\Temp\testng-eclipse--933495767\testng-customsuite.xml
at org.testng.internal.Parameters.createParams(Parameters.java:270)
at org.testng.internal.Parameters.createParametersForMethod(Parameters.java:358)
at org.testng.internal.Parameters.createParameters(Parameters.java:700)
at org.testng.internal.Parameters.createConfigurationParameters(Parameters.java:168)
at org.testng.internal.ConfigInvoker.invokeConfigurations(ConfigInvoker.java:302)
at org.testng.TestRunner.invokeTestConfigurations(TestRunner.java:637)
at org.testng.TestRunner.beforeRun(TestRunner.java:627)
at org.testng.TestRunner.run(TestRunner.java:589)
at org.testng.SuiteRunner.runTest(SuiteRunner.java:377)
at org.testng.SuiteRunner.runSequentially(SuiteRunner.java:371)
at org.testng.SuiteRunner.privateRun(SuiteRunner.java:332)
at org.testng.SuiteRunner.run(SuiteRunner.java:276)
at org.testng.SuiteRunnerWorker.runSuite(SuiteRunnerWorker.java:53)
at org.testng.SuiteRunnerWorker.run(SuiteRunnerWorker.java:96)
at org.testng.TestNG.runSuitesSequentially(TestNG.java:1212)
at org.testng.TestNG.runSuitesLocally(TestNG.java:1134)
at org.testng.TestNG.runSuites(TestNG.java:1063)
at org.testng.TestNG.run(TestNG.java:1031)
at org.testng.remote.AbstractRemoteTestNG.run(AbstractRemoteTestNG.java:115)
at org.testng.remote.RemoteTestNG.initAndRun(RemoteTestNG.java:251)
at org.testng.remote.RemoteTestNG.main(RemoteTestNG.java:77)
]]>
    </error>
  </testcase> <!-- Browserlaunch -->
  <system-out/>
  <testcase classname="testNG.ParabankRegistration" name="launchapp" time="0.000">
    <error message="
Parameter &#039;url&#039; is required by @Test on method launchapp but has not been marked @Optional or defined
in C:\Users\sandavenisrinivas\AppData\Local\Temp\testng-eclipse--933495767\testng-customsuite.xml" type="org.testng.TestNGException">
      <![CDATA[org.testng.TestNGException: 
Parameter 'url' is required by @Test on method launchapp but has not been marked @Optional or defined
in C:\Users\sandavenisrinivas\AppData\Local\Temp\testng-eclipse--933495767\testng-customsuite.xml
at org.testng.internal.Parameters.createParams(Parameters.java:270)
at org.testng.internal.Parameters.createParametersForMethod(Parameters.java:358)
at org.testng.internal.Parameters.createParameters(Parameters.java:700)
at org.testng.internal.Parameters.handleParameters(Parameters.java:884)
at org.testng.internal.Parameters.handleParameters(Parameters.java:740)
at org.testng.internal.ParameterHandler.handleParameters(ParameterHandler.java:59)
at org.testng.internal.ParameterHandler.createParameters(ParameterHandler.java:38)
at org.testng.internal.TestInvoker$MethodInvocationAgent.invoke(TestInvoker.java:791)
at org.testng.internal.TestInvoker.invokeTestMethods(TestInvoker.java:146)
at org.testng.internal.TestMethodWorker.invokeTestMethods(TestMethodWorker.java:146)
at org.testng.internal.TestMethodWorker.run(TestMethodWorker.java:128)
at java.base/java.util.ArrayList.forEach(ArrayList.java:1511)
at org.testng.TestRunner.privateRun(TestRunner.java:794)
at org.testng.TestRunner.run(TestRunner.java:596)
at org.testng.SuiteRunner.runTest(SuiteRunner.java:377)
at org.testng.SuiteRunner.runSequentially(SuiteRunner.java:371)
at org.testng.SuiteRunner.privateRun(SuiteRunner.java:332)
at org.testng.SuiteRunner.run(SuiteRunner.java:276)
at org.testng.SuiteRunnerWorker.runSuite(SuiteRunnerWorker.java:53)
at org.testng.SuiteRunnerWorker.run(SuiteRunnerWorker.java:96)
at org.testng.TestNG.runSuitesSequentially(TestNG.java:1212)
at org.testng.TestNG.runSuitesLocally(TestNG.java:1134)
at org.testng.TestNG.runSuites(TestNG.java:1063)
at org.testng.TestNG.run(TestNG.java:1031)
at org.testng.remote.AbstractRemoteTestNG.run(AbstractRemoteTestNG.java:115)
at org.testng.remote.RemoteTestNG.initAndRun(RemoteTestNG.java:251)
at org.testng.remote.RemoteTestNG.main(RemoteTestNG.java:77)
]]>
    </error>
  </testcase> <!-- launchapp -->
  <system-out/>
  <testcase classname="testNG.ParabankRegistration" name="contact" time="0.000">
    <skipped/>
  </testcase> <!-- contact -->
  <system-out/>
  <testcase classname="testNG.ParabankRegistration" name="Address1" time="0.000">
    <skipped/>
  </testcase> <!-- Address1 -->
  <system-out/>
  <testcase classname="testNG.ParabankRegistration" name="login" time="0.000">
    <skipped/>
  </testcase> <!-- login -->
  <system-out/>
  <testcase classname="testNG.ParabankRegistration" name="Name" time="0.000">
    <skipped/>
  </testcase> <!-- Name -->
  <system-out/>
  <testcase classname="testNG.ParabankRegistration" name="Address2" time="0.000">
    <skipped/>
  </testcase> <!-- Address2 -->
  <system-out/>
  <testcase classname="testNG.ParabankRegistration" name="submit" time="0.000">
    <skipped/>
  </testcase> <!-- submit -->
  <system-out/>
  <testcase classname="testNG.ParabankRegistration" name="registrationpage" time="0.000">
    <skipped/>
  </testcase> <!-- registrationpage -->
  <system-out/>
</testsuite> <!-- testNG.ParabankRegistration -->
